Traceback (most recent call last):
  File "/home/pi/whatsapp_weather/main.py", line 45, in <module>
    assemble_image(hourly_df, daily_df, city_name, timezone)
    ~~~~~~~~~~~~~~^^^^^^^^^^^^^^^^^^^^^^^^^^^^^^^^^^^^^^^^^^
  File "/home/pi/whatsapp_weather/create_image.py", line 113, in assemble_image
    img.save(f"images/{city_name}.jpg")
    ~~~~~~~~^^^^^^^^^^^^^^^^^^^^^^^^^^^
  File "/home/pi/whatsapp_weather/venv/lib/python3.13/site-packages/PIL/Image.py", line 2583, in save
    fp = builtins.open(filename, "w+b")
FileNotFoundError: [Errno 2] No such file or directory: 'images/Milan.jpg'
✅ Email sent from tommasogallo2016@gmail.com to tommasogallo2023@gmail.com!
✅ Email sent from tommasogallo2016@gmail.com to sarahhbarden@gmail.com!
✅ Email sent from tommasogallo2016@gmail.com to ozderya20020@gmail.com!
✅ Email sent from tommasogallo2016@gmail.com to claudiogallo2011@gmail.com!
✅ Email sent from tommasogallo2016@gmail.com to tommasogallo2023@gmail.com!
✅ Email sent from tommasogallo2016@gmail.com to ap2.klanp@gmail.com!
✅ Email sent from tommasogallo2016@gmail.com to ap2.klanp@gmail.com!
✅ Email sent from tommasogallo2016@gmail.com to sarahhbarden@gmail.com!
✅ Email sent from tommasogallo2016@gmail.com to claudiogallo2011@gmail.com!
✅ Email sent from tommasogallo2016@gmail.com to ozderya20020@gmail.com!
✅ Email sent from tommasogallo2016@gmail.com to tommasogallo2023@gmail.com!
✅ Email sent from tommasogallo2016@gmail.com to ap2.klanp@gmail.com!
✅ Email sent from tommasogallo2016@gmail.com to ap2.klanp@gmail.com!
✅ Email sent from tommasogallo2016@gmail.com to sarahhbarden@gmail.com!
✅ Email sent from tommasogallo2016@gmail.com to ozderya20020@gmail.com!
✅ Email sent from tommasogallo2016@gmail.com to claudiogallo2011@gmail.com!
✅ Email sent from tommasogallo2016@gmail.com to tommasogallo2023@gmail.com!
✅ Email sent from tommasogallo2016@gmail.com to ap2.klanp@gmail.com!
✅ Email sent from tommasogallo2016@gmail.com to ap2.klanp@gmail.com!
✅ Email sent from tommasogallo2016@gmail.com to ozderya20020@gmail.com!
✅ Email sent from tommasogallo2016@gmail.com to claudiogallo2011@gmail.com!
✅ Email sent from tommasogallo2016@gmail.com to tommasogallo2023@gmail.com!
✅ Email sent from tommasogallo2016@gmail.com to sarahhbarden@gmail.com!
✅ Email sent from tommasogallo2016@gmail.com to ap2.klanp@gmail.com!
✅ Email sent from tommasogallo2016@gmail.com to ap2.klanp@gmail.com!
 Email sen on the 14/10/25 at 06:55 from tommasogallo2016@gmail.com to ozderya20020@gmail.com!
 Email sen on the 14/10/25 at 07:55 from tommasogallo2016@gmail.com to claudiogallo2011@gmail.com!
 Email sen on the 14/10/25 at 09:55 from tommasogallo2016@gmail.com to tommasogallo2023@gmail.com!
 Email sen on the 14/10/25 at 10:25 from tommasogallo2016@gmail.com to sarahhbarden@gmail.com!
 Email sen on the 14/10/25 at 10:55 from tommasogallo2016@gmail.com to ap2.klanp@gmail.com!
 Email sen on the 14/10/25 at 10:55 from tommasogallo2016@gmail.com to ap2.klanp@gmail.com!
 Email sen on the 15/10/25 at 06:55 from tommasogallo2016@gmail.com to ozderya20020@gmail.com!
 Email sen on the 15/10/25 at 07:55 from tommasogallo2016@gmail.com to claudiogallo2011@gmail.com!
 Email sen on the 15/10/25 at 09:55 from tommasogallo2016@gmail.com to tommasogallo2023@gmail.com!
 Email sen on the 15/10/25 at 10:25 from tommasogallo2016@gmail.com to sarahhbarden@gmail.com!
 Email sen on the 15/10/25 at 10:55 from tommasogallo2016@gmail.com to ap2.klanp@gmail.com!
 Email sen on the 15/10/25 at 10:55 from tommasogallo2016@gmail.com to ap2.klanp@gmail.com!
 Email sen on the 16/10/25 at 06:55 from tommasogallo2016@gmail.com to ozderya20020@gmail.com!
 Email sen on the 16/10/25 at 07:55 from tommasogallo2016@gmail.com to claudiogallo2011@gmail.com!
 Email sen on the 16/10/25 at 09:55 from tommasogallo2016@gmail.com to tommasogallo2023@gmail.com!
 Email sen on the 16/10/25 at 10:25 from tommasogallo2016@gmail.com to sarahhbarden@gmail.com!
 Email sen on the 16/10/25 at 10:55 from tommasogallo2016@gmail.com to ap2.klanp@gmail.com!
 Email sen on the 16/10/25 at 10:55 from tommasogallo2016@gmail.com to ap2.klanp@gmail.com!
 Email sen on the 17/10/25 at 06:55 from tommasogallo2016@gmail.com to ozderya20020@gmail.com!
 Email sen on the 17/10/25 at 07:55 from tommasogallo2016@gmail.com to claudiogallo2011@gmail.com!
 Email sen on the 17/10/25 at 09:55 from tommasogallo2016@gmail.com to tommasogallo2023@gmail.com!
 Email sen on the 17/10/25 at 10:25 from tommasogallo2016@gmail.com to sarahhbarden@gmail.com!
 Email sen on the 17/10/25 at 11:11 from tommasogallo2016@gmail.com to ap2.klanp@gmail.com!
 Email sen on the 17/10/25 at 11:11 from tommasogallo2016@gmail.com to ap2.klanp@gmail.com!
 Email sen on the 18/10/25 at 06:55 from tommasogallo2016@gmail.com to ozderya20020@gmail.com!
 Email sen on the 18/10/25 at 07:55 from tommasogallo2016@gmail.com to claudiogallo2011@gmail.com!
 Email sen on the 18/10/25 at 09:55 from tommasogallo2016@gmail.com to tommasogallo2023@gmail.com!
 Email sen on the 18/10/25 at 10:25 from tommasogallo2016@gmail.com to sarahhbarden@gmail.com!
 Email sen on the 18/10/25 at 10:55 from tommasogallo2016@gmail.com to ap2.klanp@gmail.com!
 Email sen on the 18/10/25 at 10:55 from tommasogallo2016@gmail.com to ap2.klanp@gmail.com!
 Email sen on the 19/10/25 at 06:55 from tommasogallo2016@gmail.com to ozderya20020@gmail.com!
 Email sen on the 19/10/25 at 07:55 from tommasogallo2016@gmail.com to claudiogallo2011@gmail.com!
 Email sen on the 19/10/25 at 09:55 from tommasogallo2016@gmail.com to tommasogallo2023@gmail.com!
 Email sen on the 19/10/25 at 10:25 from tommasogallo2016@gmail.com to sarahhbarden@gmail.com!
 Email sen on the 19/10/25 at 10:55 from tommasogallo2016@gmail.com to ap2.klanp@gmail.com!
 Email sen on the 19/10/25 at 10:55 from tommasogallo2016@gmail.com to ap2.klanp@gmail.com!
 Email sen on the 20/10/25 at 06:55 from tommasogallo2016@gmail.com to ozderya20020@gmail.com!
 Email sen on the 20/10/25 at 07:55 from tommasogallo2016@gmail.com to claudiogallo2011@gmail.com!
 Email sen on the 20/10/25 at 09:55 from tommasogallo2016@gmail.com to tommasogallo2023@gmail.com!
 Email sen on the 20/10/25 at 10:25 from tommasogallo2016@gmail.com to sarahhbarden@gmail.com!
 Email sen on the 20/10/25 at 10:55 from tommasogallo2016@gmail.com to ap2.klanp@gmail.com!
 Email sen on the 20/10/25 at 10:55 from tommasogallo2016@gmail.com to ap2.klanp@gmail.com!
 Email sen on the 21/10/25 at 06:55 from tommasogallo2016@gmail.com to ozderya20020@gmail.com!
 Email sen on the 21/10/25 at 07:55 from tommasogallo2016@gmail.com to claudiogallo2011@gmail.com!
 Email sen on the 21/10/25 at 09:55 from tommasogallo2016@gmail.com to tommasogallo2023@gmail.com!
 Email sen on the 21/10/25 at 10:25 from tommasogallo2016@gmail.com to sarahhbarden@gmail.com!
 Email sen on the 21/10/25 at 10:55 from tommasogallo2016@gmail.com to ap2.klanp@gmail.com!
 Email sen on the 21/10/25 at 10:55 from tommasogallo2016@gmail.com to ap2.klanp@gmail.com!
 Email sen on the 22/10/25 at 06:55 from tommasogallo2016@gmail.com to ozderya20020@gmail.com!
 Email sen on the 22/10/25 at 07:55 from tommasogallo2016@gmail.com to claudiogallo2011@gmail.com!
 Email sen on the 22/10/25 at 09:55 from tommasogallo2016@gmail.com to tommasogallo2023@gmail.com!
 Email sen on the 22/10/25 at 10:25 from tommasogallo2016@gmail.com to sarahhbarden@gmail.com!
 Email sen on the 22/10/25 at 10:55 from tommasogallo2016@gmail.com to ap2.klanp@gmail.com!
 Email sen on the 22/10/25 at 10:55 from tommasogallo2016@gmail.com to ap2.klanp@gmail.com!
 Email sen on the 23/10/25 at 06:55 from tommasogallo2016@gmail.com to ozderya20020@gmail.com!
 Email sen on the 23/10/25 at 07:55 from tommasogallo2016@gmail.com to claudiogallo2011@gmail.com!
 Email sen on the 23/10/25 at 09:55 from tommasogallo2016@gmail.com to tommasogallo2023@gmail.com!
 Email sen on the 23/10/25 at 10:25 from tommasogallo2016@gmail.com to sarahhbarden@gmail.com!
 Email sen on the 23/10/25 at 10:55 from tommasogallo2016@gmail.com to ap2.klanp@gmail.com!
 Email sen on the 23/10/25 at 10:55 from tommasogallo2016@gmail.com to ap2.klanp@gmail.com!
 Email sen on the 24/10/25 at 06:55 from tommasogallo2016@gmail.com to ozderya20020@gmail.com!
 Email sen on the 24/10/25 at 07:55 from tommasogallo2016@gmail.com to claudiogallo2011@gmail.com!
 Email sen on the 24/10/25 at 09:55 from tommasogallo2016@gmail.com to tommasogallo2023@gmail.com!
 Email sen on the 24/10/25 at 10:25 from tommasogallo2016@gmail.com to sarahhbarden@gmail.com!
 Email sen on the 24/10/25 at 10:55 from tommasogallo2016@gmail.com to ap2.klanp@gmail.com!
 Email sen on the 24/10/25 at 10:55 from tommasogallo2016@gmail.com to ap2.klanp@gmail.com!
 Email sen on the 25/10/25 at 06:55 from tommasogallo2016@gmail.com to ozderya20020@gmail.com!
 Email sen on the 25/10/25 at 07:55 from tommasogallo2016@gmail.com to claudiogallo2011@gmail.com!
 Email sen on the 25/10/25 at 09:55 from tommasogallo2016@gmail.com to tommasogallo2023@gmail.com!
 Email sen on the 25/10/25 at 10:25 from tommasogallo2016@gmail.com to sarahhbarden@gmail.com!
 Email sen on the 25/10/25 at 11:12 from tommasogallo2016@gmail.com to ap2.klanp@gmail.com!
 Email sen on the 25/10/25 at 11:12 from tommasogallo2016@gmail.com to ap2.klanp@gmail.com!
 Email sen on the 26/10/25 at 06:55 from tommasogallo2016@gmail.com to ozderya20020@gmail.com!
 Email sen on the 26/10/25 at 07:55 from tommasogallo2016@gmail.com to claudiogallo2011@gmail.com!
Traceback (most recent call last):
  File "/home/pi/whatsapp_weather/main.py", line 44, in <module>
    hourly_df, daily_df = extract_weather(lat, lon, hourly_params, daily_params, timezone)
                          ~~~~~~~~~~~~~~~^^^^^^^^^^^^^^^^^^^^^^^^^^^^^^^^^^^^^^^^^^^^^^^^^
  File "/home/pi/whatsapp_weather/extract_weather_info.py", line 61, in extract_weather
    "date": pd.date_range(
            ~~~~~~~~~~~~~^
        start=daily_start_utc.tz_convert(timezone),
        ^^^^^^^^^^^^^^^^^^^^^^^^^^^^^^^^^^^^^^^^^^^
    ...<2 lines>...
        inclusive="left"
        ^^^^^^^^^^^^^^^^
    )
    ^
  File "/home/pi/whatsapp_weather/venv/lib/python3.13/site-packages/pandas/core/indexes/datetimes.py", line 1008, in date_range
    dtarr = DatetimeArray._generate_range(
        start=start,
    ...<7 lines>...
        **kwargs,
    )
  File "/home/pi/whatsapp_weather/venv/lib/python3.13/site-packages/pandas/core/arrays/datetimes.py", line 479, in _generate_range
    i8values = tzconversion.tz_localize_to_utc(
        i8values,
    ...<3 lines>...
        creso=creso,
    )
  File "pandas/_libs/tslibs/tzconversion.pyx", line 371, in pandas._libs.tslibs.tzconversion.tz_localize_to_utc
pytz.exceptions.AmbiguousTimeError: Cannot infer dst time from 2025-10-26 01:00:00, try using the 'ambiguous' argument
Traceback (most recent call last):
  File "/home/pi/whatsapp_weather/main.py", line 44, in <module>
    hourly_df, daily_df = extract_weather(lat, lon, hourly_params, daily_params, timezone)
                          ~~~~~~~~~~~~~~~^^^^^^^^^^^^^^^^^^^^^^^^^^^^^^^^^^^^^^^^^^^^^^^^^
  File "/home/pi/whatsapp_weather/extract_weather_info.py", line 61, in extract_weather
    "date": pd.date_range(
            ~~~~~~~~~~~~~^
        start=daily_start_utc.tz_convert(timezone),
        ^^^^^^^^^^^^^^^^^^^^^^^^^^^^^^^^^^^^^^^^^^^
    ...<2 lines>...
        inclusive="left"
        ^^^^^^^^^^^^^^^^
    )
    ^
  File "/home/pi/whatsapp_weather/venv/lib/python3.13/site-packages/pandas/core/indexes/datetimes.py", line 1008, in date_range
    dtarr = DatetimeArray._generate_range(
        start=start,
    ...<7 lines>...
        **kwargs,
    )
  File "/home/pi/whatsapp_weather/venv/lib/python3.13/site-packages/pandas/core/arrays/datetimes.py", line 479, in _generate_range
    i8values = tzconversion.tz_localize_to_utc(
        i8values,
    ...<3 lines>...
        creso=creso,
    )
  File "pandas/_libs/tslibs/tzconversion.pyx", line 371, in pandas._libs.tslibs.tzconversion.tz_localize_to_utc
pytz.exceptions.AmbiguousTimeError: Cannot infer dst time from 2025-10-26 01:00:00, try using the 'ambiguous' argument
Traceback (most recent call last):
  File "/home/pi/whatsapp_weather/main.py", line 44, in <module>
    hourly_df, daily_df = extract_weather(lat, lon, hourly_params, daily_params, timezone)
                          ~~~~~~~~~~~~~~~^^^^^^^^^^^^^^^^^^^^^^^^^^^^^^^^^^^^^^^^^^^^^^^^^
  File "/home/pi/whatsapp_weather/extract_weather_info.py", line 61, in extract_weather
    "date": pd.date_range(
            ~~~~~~~~~~~~~^
        start=daily_start_utc.tz_convert(timezone),
        ^^^^^^^^^^^^^^^^^^^^^^^^^^^^^^^^^^^^^^^^^^^
    ...<2 lines>...
        inclusive="left"
        ^^^^^^^^^^^^^^^^
    )
    ^
  File "/home/pi/whatsapp_weather/venv/lib/python3.13/site-packages/pandas/core/indexes/datetimes.py", line 1008, in date_range
    dtarr = DatetimeArray._generate_range(
        start=start,
    ...<7 lines>...
        **kwargs,
    )
  File "/home/pi/whatsapp_weather/venv/lib/python3.13/site-packages/pandas/core/arrays/datetimes.py", line 479, in _generate_range
    i8values = tzconversion.tz_localize_to_utc(
        i8values,
    ...<3 lines>...
        creso=creso,
    )
  File "pandas/_libs/tslibs/tzconversion.pyx", line 371, in pandas._libs.tslibs.tzconversion.tz_localize_to_utc
pytz.exceptions.AmbiguousTimeError: Cannot infer dst time from 2025-10-26 02:00:00, try using the 'ambiguous' argument
Traceback (most recent call last):
  File "/home/pi/whatsapp_weather/main.py", line 45, in <module>
    assemble_image(hourly_df, daily_df, city_name, timezone)
    ~~~~~~~~~~~~~~^^^^^^^^^^^^^^^^^^^^^^^^^^^^^^^^^^^^^^^^^^
  File "/home/pi/whatsapp_weather/create_image.py", line 113, in assemble_image
    img.save(f"{base_dir}/images/{city_name}.jpg")
    ~~~~~~~~^^^^^^^^^^^^^^^^^^^^^^^^^^^^^^^^^^^^^^
  File "/home/pi/whatsapp_weather/venv/lib/python3.13/site-packages/PIL/Image.py", line 2583, in save
    fp = builtins.open(filename, "w+b")
FileNotFoundError: [Errno 2] No such file or directory: '/home/pi/whatsapp_weather/images/Oxford.jpg'
